<?xml version="1.0" encoding="UTF-8"?>
<!-- Generated by org.testng.reporters.JUnitReportReporter -->
<testsuite skipped="0" hostname="DESKTOP-E34GMQO" name="e2e.RegistrationSc" tests="1" failures="0" timestamp="31 May 2019 15:13:01 GMT" time="7.992" errors="0">
  <testcase name="registerNewUser" time="7.992" classname="e2e.RegistrationSc"/>
</testsuite> <!-- e2e.RegistrationSc -->
