<?xml version="1.0" encoding="UTF-8"?>
<!-- Generated by org.testng.reporters.JUnitReportReporter -->
<testsuite skipped="0" hostname="DESKTOP-E34GMQO" name="main.Tests" tests="1" failures="0" timestamp="06 May 2019 08:35:56 GMT" time="9.866" errors="0">
  <testcase name="registerNewUser" time="9.866" classname="main.Tests"/>
</testsuite> <!-- main.Tests -->
