<?xml version="1.0" encoding="UTF-8"?>
<!-- Generated by org.testng.reporters.JUnitReportReporter -->
<testsuite skipped="0" hostname="DESKTOP-E34GMQO" name="api.Test" tests="4" failures="0" timestamp="10 May 2019 15:04:22 GMT" time="6.073" errors="0">
  <testcase name="getCountriesCode" time="1.463" classname="api.Test"/>
  <testcase name="getCountriesCode" time="2.144" classname="api.Test"/>
  <testcase name="getCountriesCode" time="1.544" classname="api.Test"/>
  <testcase name="getCountriesList" time="0.922" classname="api.Test"/>
</testsuite> <!-- api.Test -->
