<?xml version="1.0" encoding="UTF-8"?>
<!-- Generated by org.testng.reporters.JUnitReportReporter -->
<testsuite skipped="1" hostname="DESKTOP-E34GMQO" name="e2e.Login" tests="2" failures="0" timestamp="27 May 2019 20:47:29 GMT" time="13.500" errors="0">
  <testcase name="loginUser" time="13.500" classname="e2e.Login"/>
  <testcase name="forgetPassword" classname="e2e.Login">
    <skipped/>
  </testcase> <!-- forgetPassword -->
</testsuite> <!-- e2e.Login -->
