<?xml version="1.0" encoding="UTF-8"?>
<!-- Generated by org.testng.reporters.JUnitReportReporter -->
<testsuite skipped="0" hostname="DESKTOP-E34GMQO" name="main.RegistrationSc" tests="1" failures="0" timestamp="07 May 2019 15:57:41 GMT" time="12.277" errors="0">
  <testcase name="registerNewUser" time="12.277" classname="main.RegistrationSc"/>
</testsuite> <!-- main.RegistrationSc -->
