<?xml version="1.0" encoding="UTF-8"?>
<!-- Generated by org.testng.reporters.JUnitReportReporter -->
<testsuite skipped="0" hostname="DESKTOP-E34GMQO" name="e2e.SearchForItems" tests="2" failures="0" timestamp="08 Jun 2019 02:13:01 GMT" time="106.971" errors="0">
  <testcase name="searchForItems" time="32.201" classname="e2e.SearchForItems"/>
  <testcase name="searchForItems" time="74.770" classname="e2e.SearchForItems"/>
</testsuite> <!-- e2e.SearchForItems -->
