<?xml version="1.0" encoding="UTF-8"?>
<!-- Generated by org.testng.reporters.JUnitReportReporter -->
<testsuite skipped="0" hostname="DESKTOP-E34GMQO" name="main.RegistrationSc" tests="1" failures="0" timestamp="10 May 2019 20:08:22 GMT" time="9.569" errors="0">
  <testcase name="registerNewUser" time="9.569" classname="main.RegistrationSc"/>
</testsuite> <!-- main.RegistrationSc -->
