<?xml version="1.0" encoding="UTF-8"?>
<!-- Generated by org.testng.reporters.JUnitReportReporter -->
<testsuite skipped="0" hostname="DESKTOP-E34GMQO" name="main.CartSc" tests="1" failures="0" timestamp="06 May 2019 10:48:01 GMT" time="4.647" errors="0">
  <testcase name="getDailyDeals" time="4.647" classname="main.CartSc"/>
</testsuite> <!-- main.CartSc -->
