<?xml version="1.0" encoding="UTF-8"?>
<!-- Generated by org.testng.reporters.JUnitReportReporter -->
<testsuite skipped="1" hostname="DESKTOP-E34GMQO" name="e2e.Login" tests="2" failures="0" timestamp="08 Jun 2019 02:38:35 GMT" time="125.001" errors="0">
  <testcase name="forgetPassword" time="125.001" classname="e2e.Login"/>
  <testcase name="loginUser" classname="e2e.Login">
    <skipped/>
  </testcase> <!-- loginUser -->
</testsuite> <!-- e2e.Login -->
