<?xml version="1.0" encoding="UTF-8"?>
<!-- Generated by org.testng.reporters.JUnitReportReporter -->
<testsuite skipped="0" hostname="DESKTOP-E34GMQO" name="main.Tests" tests="1" failures="0" timestamp="28 Apr 2019 17:46:03 GMT" time="0.642" errors="0">
  <testcase name="loginTest" time="0.642" classname="main.Tests"/>
</testsuite> <!-- main.Tests -->
