<?xml version="1.0" encoding="UTF-8"?>
<!-- Generated by org.testng.reporters.JUnitReportReporter -->
<testsuite skipped="1" hostname="DESKTOP-E34GMQO" name="main.Login" tests="2" failures="0" timestamp="27 May 2019 20:13:52 GMT" time="9.348" errors="0">
  <testcase name="forgetPassword" time="9.348" classname="main.Login"/>
  <testcase name="loginUser" classname="main.Login">
    <skipped/>
  </testcase> <!-- loginUser -->
</testsuite> <!-- main.Login -->
