<?xml version="1.0" encoding="UTF-8"?>
<!-- Generated by org.testng.reporters.JUnitReportReporter -->
<testsuite skipped="0" hostname="DESKTOP-E34GMQO" name="e2e.AddToCart" tests="1" failures="0" timestamp="08 Jun 2019 02:05:36 GMT" time="24.563" errors="0">
  <testcase name="addToCart" time="24.563" classname="e2e.AddToCart"/>
</testsuite> <!-- e2e.AddToCart -->
