<?xml version="1.0" encoding="UTF-8"?>
<!-- Generated by org.testng.reporters.JUnitReportReporter -->
<testsuite skipped="0" hostname="DESKTOP-E34GMQO" name="e2e.SearchForItems" tests="2" failures="0" timestamp="31 May 2019 15:13:01 GMT" time="16.497" errors="0">
  <testcase name="searchForItems" time="8.509" classname="e2e.SearchForItems"/>
  <testcase name="searchForItems" time="7.988" classname="e2e.SearchForItems"/>
</testsuite> <!-- e2e.SearchForItems -->
