<?xml version="1.0" encoding="UTF-8"?>
<!-- Generated by org.testng.reporters.JUnitReportReporter -->
<testsuite skipped="0" hostname="DESKTOP-E34GMQO" name="e2e.SearchForItems" tests="2" failures="0" timestamp="10 May 2019 20:20:00 GMT" time="28.440" errors="0">
  <testcase name="searchForItems" time="12.476" classname="e2e.SearchForItems"/>
  <testcase name="searchForItems" time="15.964" classname="e2e.SearchForItems"/>
</testsuite> <!-- e2e.SearchForItems -->
