<?xml version="1.0" encoding="UTF-8"?>
<!-- Generated by org.testng.reporters.JUnitReportReporter -->
<testsuite skipped="0" hostname="DESKTOP-E34GMQO" name="e2e.GetItemDetails" tests="1" failures="0" timestamp="28 May 2019 15:21:15 GMT" time="16.690" errors="0">
  <testcase name="getItemsDetails" time="16.690" classname="e2e.GetItemDetails"/>
</testsuite> <!-- e2e.GetItemDetails -->
