<?xml version="1.0" encoding="UTF-8"?>
<!-- Generated by org.testng.reporters.JUnitReportReporter -->
<testsuite skipped="0" hostname="DESKTOP-E34GMQO" name="main.Tests" tests="1" failures="0" timestamp="28 Apr 2019 13:55:10 GMT" time="1.237" errors="0">
  <testcase name="loginTest" time="1.237" classname="main.Tests"/>
</testsuite> <!-- main.Tests -->
