<?xml version="1.0" encoding="UTF-8"?>
<!-- Generated by org.testng.reporters.JUnitReportReporter -->
<testsuite skipped="0" hostname="DESKTOP-E34GMQO" name="cart.SearchForItems" tests="2" failures="0" timestamp="10 May 2019 12:37:36 GMT" time="37.992" errors="0">
  <testcase name="searchForItems" time="21.001" classname="cart.SearchForItems"/>
  <testcase name="searchForItems" time="16.991" classname="cart.SearchForItems"/>
</testsuite> <!-- cart.SearchForItems -->
