<?xml version="1.0" encoding="UTF-8"?>
<!-- Generated by org.testng.reporters.JUnitReportReporter -->
<testsuite skipped="0" hostname="DESKTOP-E34GMQO" name="api.Test" tests="4" failures="0" timestamp="26 May 2019 15:12:16 GMT" time="1.144" errors="0">
  <testcase name="getCountriesList" time="0.384" classname="api.Test"/>
  <testcase name="getCountriesCode" time="0.208" classname="api.Test"/>
  <testcase name="getCountriesCode" time="0.385" classname="api.Test"/>
  <testcase name="getCountriesCode" time="0.167" classname="api.Test"/>
</testsuite> <!-- api.Test -->
