<?xml version="1.0" encoding="UTF-8"?>
<!-- Generated by org.testng.reporters.JUnitReportReporter -->
<testsuite skipped="0" hostname="DESKTOP-E34GMQO" name="e2e.GetItemDetails" tests="1" failures="0" timestamp="27 May 2019 21:01:21 GMT" time="33.647" errors="0">
  <testcase name="addToCart" time="33.647" classname="e2e.GetItemDetails"/>
</testsuite> <!-- e2e.GetItemDetails -->
