<?xml version="1.0" encoding="UTF-8"?>
<!-- Generated by org.testng.reporters.JUnitReportReporter -->
<testsuite skipped="1" hostname="DESKTOP-E34GMQO" name="cart.SearchForItems" tests="1" failures="0" timestamp="07 May 2019 20:16:08 GMT" time="0.000" errors="0">
  <testcase name="searchForItems" time="0.000" classname="cart.SearchForItems">
    <skipped/>
  </testcase> <!-- searchForItems -->
</testsuite> <!-- cart.SearchForItems -->
