<?xml version="1.0" encoding="UTF-8"?>
<!-- Generated by org.testng.reporters.JUnitReportReporter -->
<testsuite skipped="0" hostname="DESKTOP-E34GMQO" name="api.Test" tests="4" failures="0" timestamp="10 May 2019 20:16:27 GMT" time="1.171" errors="0">
  <testcase name="getCountriesCode" time="0.473" classname="api.Test"/>
  <testcase name="getCountriesCode" time="0.171" classname="api.Test"/>
  <testcase name="getCountriesCode" time="0.174" classname="api.Test"/>
  <testcase name="getCountriesList" time="0.353" classname="api.Test"/>
</testsuite> <!-- api.Test -->
