<?xml version="1.0" encoding="UTF-8"?>
<!-- Generated by org.testng.reporters.JUnitReportReporter -->
<testsuite skipped="0" hostname="DESKTOP-E34GMQO" name="e2e.AddToCart" tests="1" failures="0" timestamp="10 May 2019 20:16:27 GMT" time="29.667" errors="0">
  <testcase name="addToCart" time="29.667" classname="e2e.AddToCart"/>
</testsuite> <!-- e2e.AddToCart -->
