<?xml version="1.0" encoding="UTF-8"?>
<!-- Generated by org.testng.reporters.JUnitReportReporter -->
<testsuite skipped="0" hostname="DESKTOP-E34GMQO" name="e2e.SearchForItems" tests="2" failures="0" timestamp="10 May 2019 15:50:58 GMT" time="66.989" errors="0">
  <testcase name="searchForItems" time="49.404" classname="e2e.SearchForItems"/>
  <testcase name="searchForItems" time="17.585" classname="e2e.SearchForItems"/>
</testsuite> <!-- e2e.SearchForItems -->
