<?xml version="1.0" encoding="UTF-8"?>
<!-- Generated by org.testng.reporters.JUnitReportReporter -->
<testsuite skipped="0" hostname="DESKTOP-E34GMQO" name="api.Test" tests="4" failures="0" timestamp="10 May 2019 15:50:58 GMT" time="4.669" errors="0">
  <testcase name="getCountriesCode" time="1.255" classname="api.Test"/>
  <testcase name="getCountriesCode" time="0.474" classname="api.Test"/>
  <testcase name="getCountriesCode" time="0.232" classname="api.Test"/>
  <testcase name="getCountriesList" time="2.708" classname="api.Test"/>
</testsuite> <!-- api.Test -->
