<?xml version="1.0" encoding="UTF-8"?>
<!-- Generated by org.testng.reporters.JUnitReportReporter -->
<testsuite skipped="0" hostname="DESKTOP-E34GMQO" name="main.RegistrationSc" tests="1" failures="0" timestamp="10 May 2019 15:50:58 GMT" time="20.133" errors="0">
  <testcase name="registerNewUser" time="20.133" classname="main.RegistrationSc"/>
</testsuite> <!-- main.RegistrationSc -->
