<?xml version="1.0" encoding="UTF-8"?>
<!-- Generated by org.testng.reporters.JUnitReportReporter -->
<testsuite skipped="0" hostname="DESKTOP-E34GMQO" name="e2e.SearchForItems" tests="2" failures="0" timestamp="31 May 2019 14:39:20 GMT" time="238.312" errors="0">
  <testcase name="searchForItems" time="9.616" classname="e2e.SearchForItems"/>
  <testcase name="searchForItems" time="228.696" classname="e2e.SearchForItems"/>
</testsuite> <!-- e2e.SearchForItems -->
