<?xml version="1.0" encoding="UTF-8"?>
<!-- Generated by org.testng.reporters.JUnitReportReporter -->
<testsuite skipped="0" hostname="DESKTOP-E34GMQO" name="e2e.SearchForItems" tests="2" failures="0" timestamp="10 May 2019 20:16:27 GMT" time="45.191" errors="0">
  <testcase name="searchForItems" time="29.297" classname="e2e.SearchForItems"/>
  <testcase name="searchForItems" time="15.894" classname="e2e.SearchForItems"/>
</testsuite> <!-- e2e.SearchForItems -->
