<?xml version="1.0" encoding="UTF-8"?>
<!-- Generated by org.testng.reporters.JUnitReportReporter -->
<testsuite skipped="0" hostname="DESKTOP-E34GMQO" name="e2e.SearchForItems" tests="2" failures="0" timestamp="30 May 2019 16:41:52 GMT" time="29.209" errors="0">
  <testcase name="searchForItems" time="12.055" classname="e2e.SearchForItems"/>
  <testcase name="searchForItems" time="17.154" classname="e2e.SearchForItems"/>
</testsuite> <!-- e2e.SearchForItems -->
