<?xml version="1.0" encoding="UTF-8"?>
<!-- Generated by org.testng.reporters.JUnitReportReporter -->
<testsuite skipped="0" hostname="DESKTOP-E34GMQO" name="e2e.SearchForItems" tests="2" failures="0" timestamp="08 Jun 2019 02:27:47 GMT" time="244.133" errors="0">
  <testcase name="searchForItems" time="216.420" classname="e2e.SearchForItems"/>
  <testcase name="searchForItems" time="27.713" classname="e2e.SearchForItems"/>
</testsuite> <!-- e2e.SearchForItems -->
